[0m18:49:50.309374 [debug] [MainThread]: Sending event: {'category': 'dbt', 'action': 'invocation', 'label': 'start', 'context': [<snowplow_tracker.self_describing_json.SelfDescribingJson object at 0x105d71d00>, <snowplow_tracker.self_describing_json.SelfDescribingJson object at 0x10619dca0>, <snowplow_tracker.self_describing_json.SelfDescribingJson object at 0x1075cdfa0>]}


============================== 18:49:50.312372 | 415da039-311f-44e0-b535-31d15bae57eb ==============================
[0m18:49:50.312372 [info ] [MainThread]: Running with dbt=1.9.0
[0m18:49:50.312739 [debug] [MainThread]: running dbt with arguments {'printer_width': '80', 'indirect_selection': 'eager', 'log_cache_events': 'False', 'write_json': 'True', 'partial_parse': 'True', 'cache_selected_only': 'False', 'profiles_dir': '/Users/nomantahir/.dbt', 'version_check': 'True', 'warn_error': 'None', 'log_path': 'logs', 'fail_fast': 'False', 'debug': 'False', 'use_colors': 'True', 'use_experimental_parser': 'False', 'empty': 'None', 'quiet': 'False', 'no_print': 'None', 'log_format': 'default', 'introspect': 'True', 'warn_error_options': 'WarnErrorOptions(include=[], exclude=[])', 'static_parser': 'True', 'target_path': 'None', 'invocation_command': 'dbt init dbt-netflix-project', 'send_anonymous_usage_stats': 'True'}
[0m18:49:50.320760 [warn ] [MainThread]: [ConfigFolderDirectory]: Unable to parse logging event dictionary. Failed to parse dir field: expected string or bytes-like object.. Dictionary: {'dir': PosixPath('/Users/nomantahir/.dbt')}
[0m18:49:50.321018 [info ] [MainThread]: Creating dbt configuration folder at 
[0m19:04:40.762879 [debug] [MainThread]: Sending event: {'category': 'dbt', 'action': 'invocation', 'label': 'start', 'context': [<snowplow_tracker.self_describing_json.SelfDescribingJson object at 0x104259d00>, <snowplow_tracker.self_describing_json.SelfDescribingJson object at 0x1064a2e20>, <snowplow_tracker.self_describing_json.SelfDescribingJson object at 0x1064cdfa0>]}


============================== 19:04:40.765999 | 7ed0be6c-c3a8-48c1-a467-cf87117c01ec ==============================
[0m19:04:40.765999 [info ] [MainThread]: Running with dbt=1.9.0
[0m19:04:40.766362 [debug] [MainThread]: running dbt with arguments {'printer_width': '80', 'indirect_selection': 'eager', 'write_json': 'True', 'log_cache_events': 'False', 'partial_parse': 'True', 'cache_selected_only': 'False', 'profiles_dir': '/Users/nomantahir/.dbt', 'version_check': 'True', 'fail_fast': 'False', 'log_path': 'logs', 'warn_error': 'None', 'debug': 'False', 'use_colors': 'True', 'use_experimental_parser': 'False', 'empty': 'None', 'quiet': 'False', 'no_print': 'None', 'log_format': 'default', 'invocation_command': 'dbt debug', 'introspect': 'True', 'warn_error_options': 'WarnErrorOptions(include=[], exclude=[])', 'target_path': 'None', 'static_parser': 'True', 'send_anonymous_usage_stats': 'True'}
[0m19:04:40.775168 [info ] [MainThread]: dbt version: 1.9.0
[0m19:04:40.775423 [info ] [MainThread]: python version: 3.9.6
[0m19:04:40.775603 [info ] [MainThread]: python path: /Users/nomantahir/Desktop/pyvm/venv/bin/python
[0m19:04:40.775770 [info ] [MainThread]: os info: macOS-15.5-arm64-arm-64bit
[0m19:04:40.775953 [info ] [MainThread]: Using profiles dir at /Users/nomantahir/.dbt
[0m19:04:40.776126 [info ] [MainThread]: Using profiles.yml file at /Users/nomantahir/.dbt/profiles.yml
[0m19:04:40.776286 [info ] [MainThread]: Using dbt_project.yml file at /Users/nomantahir/Desktop/cources/DBT_netflix/dbt_project.yml
[0m19:04:40.776452 [info ] [MainThread]: Configuration:
[0m19:04:40.776607 [info ] [MainThread]:   profiles.yml file [[31mERROR not found[0m]
[0m19:04:40.776762 [info ] [MainThread]:   dbt_project.yml file [[31mERROR not found[0m]
[0m19:04:40.776922 [info ] [MainThread]: Required dependencies:
[0m19:04:40.777169 [debug] [MainThread]: Executing "git --help"
[0m19:04:40.794795 [debug] [MainThread]: STDOUT: "b"usage: git [-v | --version] [-h | --help] [-C <path>] [-c <name>=<value>]\n           [--exec-path[=<path>]] [--html-path] [--man-path] [--info-path]\n           [-p | --paginate | -P | --no-pager] [--no-replace-objects] [--no-lazy-fetch]\n           [--no-optional-locks] [--no-advice] [--bare] [--git-dir=<path>]\n           [--work-tree=<path>] [--namespace=<name>] [--config-env=<name>=<envvar>]\n           <command> [<args>]\n\nThese are common Git commands used in various situations:\n\nstart a working area (see also: git help tutorial)\n   clone      Clone a repository into a new directory\n   init       Create an empty Git repository or reinitialize an existing one\n\nwork on the current change (see also: git help everyday)\n   add        Add file contents to the index\n   mv         Move or rename a file, a directory, or a symlink\n   restore    Restore working tree files\n   rm         Remove files from the working tree and from the index\n\nexamine the history and state (see also: git help revisions)\n   bisect     Use binary search to find the commit that introduced a bug\n   diff       Show changes between commits, commit and working tree, etc\n   grep       Print lines matching a pattern\n   log        Show commit logs\n   show       Show various types of objects\n   status     Show the working tree status\n\ngrow, mark and tweak your common history\n   backfill   Download missing objects in a partial clone\n   branch     List, create, or delete branches\n   commit     Record changes to the repository\n   merge      Join two or more development histories together\n   rebase     Reapply commits on top of another base tip\n   reset      Reset current HEAD to the specified state\n   switch     Switch branches\n   tag        Create, list, delete or verify a tag object signed with GPG\n\ncollaborate (see also: git help workflows)\n   fetch      Download objects and refs from another repository\n   pull       Fetch from and integrate with another repository or a local branch\n   push       Update remote refs along with associated objects\n\n'git help -a' and 'git help -g' list available subcommands and some\nconcept guides. See 'git help <command>' or 'git help <concept>'\nto read about a specific subcommand or concept.\nSee 'git help git' for an overview of the system.\n""
[0m19:04:40.795611 [debug] [MainThread]: STDERR: "b''"
[0m19:04:40.795940 [info ] [MainThread]:  - git [[32mOK found[0m]

[0m19:04:40.796227 [info ] [MainThread]: Connection test skipped since no profile was found
[0m19:04:40.796488 [info ] [MainThread]: [31m2 checks failed:[0m
[0m19:04:40.796657 [info ] [MainThread]: dbt looked for a profiles.yml file in /Users/nomantahir/.dbt/profiles.yml, but did
not find one. For more information on configuring your profile, consult the
documentation:

https://docs.getdbt.com/docs/configure-your-profile


[0m19:04:40.796819 [info ] [MainThread]: Project loading failed for the following reason:
 project path </Users/nomantahir/Desktop/cources/DBT_netflix/dbt_project.yml> not found

[0m19:04:40.798796 [debug] [MainThread]: Resource report: {"command_name": "debug", "command_success": false, "command_wall_clock_time": 0.0799455, "process_in_blocks": "0", "process_kernel_time": 0.136786, "process_mem_max_rss": "92930048", "process_out_blocks": "0", "process_user_time": 0.717356}
[0m19:04:40.799146 [debug] [MainThread]: Command `dbt debug` failed at 19:04:40.799074 after 0.08 seconds
[0m19:04:40.799435 [debug] [MainThread]: Sending event: {'category': 'dbt', 'action': 'invocation', 'label': 'end', 'context': [<snowplow_tracker.self_describing_json.SelfDescribingJson object at 0x104259d00>, <snowplow_tracker.self_describing_json.SelfDescribingJson object at 0x1064a23d0>, <snowplow_tracker.self_describing_json.SelfDescribingJson object at 0x1064a23a0>]}
[0m19:04:40.799707 [debug] [MainThread]: Flushing usage events
[0m19:04:41.382111 [debug] [MainThread]: An error was encountered while trying to flush usage events
[0m19:06:38.134747 [debug] [MainThread]: Sending event: {'category': 'dbt', 'action': 'invocation', 'label': 'start', 'context': [<snowplow_tracker.self_describing_json.SelfDescribingJson object at 0x104b89d60>, <snowplow_tracker.self_describing_json.SelfDescribingJson object at 0x1064cfa60>, <snowplow_tracker.self_describing_json.SelfDescribingJson object at 0x1064cf640>]}


============================== 19:06:38.137918 | 3006925b-f4ef-4d92-ae90-b10204e31057 ==============================
[0m19:06:38.137918 [info ] [MainThread]: Running with dbt=1.9.0
[0m19:06:38.138286 [debug] [MainThread]: running dbt with arguments {'printer_width': '80', 'indirect_selection': 'eager', 'write_json': 'True', 'log_cache_events': 'False', 'partial_parse': 'True', 'cache_selected_only': 'False', 'warn_error': 'None', 'fail_fast': 'False', 'version_check': 'True', 'log_path': 'logs', 'debug': 'False', 'profiles_dir': '/Users/nomantahir/.dbt', 'use_colors': 'True', 'use_experimental_parser': 'False', 'no_print': 'None', 'quiet': 'False', 'empty': 'None', 'warn_error_options': 'WarnErrorOptions(include=[], exclude=[])', 'invocation_command': 'dbt init', 'log_format': 'default', 'static_parser': 'True', 'target_path': 'None', 'introspect': 'True', 'send_anonymous_usage_stats': 'True'}
[0m19:06:58.126320 [debug] [MainThread]: Starter project path: /Users/nomantahir/Desktop/pyvm/venv/lib/python3.9/site-packages/dbt/include/starter_project
[0m19:06:58.133430 [info ] [MainThread]: 
Your new dbt project "netflix_project" was created!

For more information on how to configure the profiles.yml file,
please consult the dbt documentation here:

  https://docs.getdbt.com/docs/configure-your-profile

One more thing:

Need help? Don't hesitate to reach out to us via GitHub issues or on Slack:

  https://community.getdbt.com/

Happy modeling!

[0m19:06:58.134258 [info ] [MainThread]: Setting up your profile.
[0m19:11:30.377459 [info ] [MainThread]: Profile netflix_project written to /Users/nomantahir/.dbt/profiles.yml using target's profile_template.yml and your supplied values. Run 'dbt debug' to validate the connection.
[0m19:11:30.394925 [debug] [MainThread]: Resource report: {"command_name": "init", "command_success": true, "command_wall_clock_time": 292.32935, "process_in_blocks": "0", "process_kernel_time": 0.260579, "process_mem_max_rss": "147849216", "process_out_blocks": "0", "process_user_time": 1.030893}
[0m19:11:30.396950 [debug] [MainThread]: Command `dbt init` succeeded at 19:11:30.396382 after 292.33 seconds
[0m19:11:30.398678 [debug] [MainThread]: Sending event: {'category': 'dbt', 'action': 'invocation', 'label': 'end', 'context': [<snowplow_tracker.self_describing_json.SelfDescribingJson object at 0x104b89d60>, <snowplow_tracker.self_describing_json.SelfDescribingJson object at 0x11530bb20>, <snowplow_tracker.self_describing_json.SelfDescribingJson object at 0x1065225e0>]}
[0m19:11:30.401650 [debug] [MainThread]: Flushing usage events
[0m19:11:30.861271 [debug] [MainThread]: An error was encountered while trying to flush usage events
[0m19:51:37.025529 [debug] [MainThread]: Sending event: {'category': 'dbt', 'action': 'invocation', 'label': 'start', 'context': [<snowplow_tracker.self_describing_json.SelfDescribingJson object at 0x107f09c40>, <snowplow_tracker.self_describing_json.SelfDescribingJson object at 0x108d42580>, <snowplow_tracker.self_describing_json.SelfDescribingJson object at 0x108d42b20>]}


============================== 19:51:37.028702 | f6c69a57-10d5-459f-9c58-3d012602db84 ==============================
[0m19:51:37.028702 [info ] [MainThread]: Running with dbt=1.9.0
[0m19:51:37.029062 [debug] [MainThread]: running dbt with arguments {'printer_width': '80', 'indirect_selection': 'eager', 'log_cache_events': 'False', 'write_json': 'True', 'partial_parse': 'True', 'cache_selected_only': 'False', 'profiles_dir': '/Users/nomantahir/.dbt', 'fail_fast': 'False', 'version_check': 'True', 'log_path': 'logs', 'warn_error': 'None', 'debug': 'False', 'use_colors': 'True', 'use_experimental_parser': 'False', 'no_print': 'None', 'quiet': 'False', 'empty': 'False', 'log_format': 'default', 'invocation_command': 'dbt run --select scr_movies', 'warn_error_options': 'WarnErrorOptions(include=[], exclude=[])', 'introspect': 'True', 'target_path': 'None', 'static_parser': 'True', 'send_anonymous_usage_stats': 'True'}
[0m19:51:37.029427 [error] [MainThread]: Encountered an error:
Runtime Error
  No dbt_project.yml found at expected path /Users/nomantahir/Desktop/cources/DBT_netflix/dbt_project.yml
  Verify that each entry within packages.yml (and their transitive dependencies) contains a file named dbt_project.yml
  
[0m19:51:37.031349 [debug] [MainThread]: Resource report: {"command_name": "run", "command_success": false, "command_wall_clock_time": 0.051251583, "process_in_blocks": "0", "process_kernel_time": 0.111859, "process_mem_max_rss": "92307456", "process_out_blocks": "0", "process_user_time": 0.703174}
[0m19:51:37.031698 [debug] [MainThread]: Command `dbt run` failed at 19:51:37.031626 after 0.05 seconds
[0m19:51:37.031939 [debug] [MainThread]: Sending event: {'category': 'dbt', 'action': 'invocation', 'label': 'end', 'context': [<snowplow_tracker.self_describing_json.SelfDescribingJson object at 0x107f09c40>, <snowplow_tracker.self_describing_json.SelfDescribingJson object at 0x108d352e0>, <snowplow_tracker.self_describing_json.SelfDescribingJson object at 0x108d35a00>]}
[0m19:51:37.032159 [debug] [MainThread]: Flushing usage events
[0m19:51:37.487448 [debug] [MainThread]: An error was encountered while trying to flush usage events
[0m16:15:51.223172 [debug] [MainThread]: Sending event: {'category': 'dbt', 'action': 'invocation', 'label': 'start', 'context': [<snowplow_tracker.self_describing_json.SelfDescribingJson object at 0x106289cd0>, <snowplow_tracker.self_describing_json.SelfDescribingJson object at 0x1072ccca0>, <snowplow_tracker.self_describing_json.SelfDescribingJson object at 0x1072cc190>]}


============================== 16:15:51.226711 | 00b5c8b1-5aad-4caa-a08c-5b90e2a21639 ==============================
[0m16:15:51.226711 [info ] [MainThread]: Running with dbt=1.9.0
[0m16:15:51.227152 [debug] [MainThread]: running dbt with arguments {'printer_width': '80', 'indirect_selection': 'eager', 'log_cache_events': 'False', 'write_json': 'True', 'partial_parse': 'True', 'cache_selected_only': 'False', 'warn_error': 'None', 'fail_fast': 'False', 'version_check': 'True', 'log_path': 'logs', 'debug': 'False', 'profiles_dir': '/Users/nomantahir/.dbt', 'use_colors': 'True', 'use_experimental_parser': 'False', 'empty': 'None', 'quiet': 'False', 'no_print': 'None', 'warn_error_options': 'WarnErrorOptions(include=[], exclude=[])', 'invocation_command': 'dbt deps', 'log_format': 'default', 'introspect': 'True', 'target_path': 'None', 'static_parser': 'True', 'send_anonymous_usage_stats': 'True'}
[0m16:15:51.227666 [error] [MainThread]: Encountered an error:
Runtime Error
  No dbt_project.yml found at expected path /Users/nomantahir/Desktop/cources/DBT_netflix/dbt_project.yml
  Verify that each entry within packages.yml (and their transitive dependencies) contains a file named dbt_project.yml
  
[0m16:15:51.229319 [debug] [MainThread]: Resource report: {"command_name": "deps", "command_success": false, "command_wall_clock_time": 0.056572042, "process_in_blocks": "0", "process_kernel_time": 0.112292, "process_mem_max_rss": "93896704", "process_out_blocks": "0", "process_user_time": 0.756185}
[0m16:15:51.229603 [debug] [MainThread]: Command `dbt deps` failed at 16:15:51.229542 after 0.06 seconds
[0m16:15:51.229829 [debug] [MainThread]: Sending event: {'category': 'dbt', 'action': 'invocation', 'label': 'end', 'context': [<snowplow_tracker.self_describing_json.SelfDescribingJson object at 0x106289cd0>, <snowplow_tracker.self_describing_json.SelfDescribingJson object at 0x1072a2c40>, <snowplow_tracker.self_describing_json.SelfDescribingJson object at 0x1072a2370>]}
[0m16:15:51.230037 [debug] [MainThread]: Flushing usage events
[0m16:15:51.749499 [debug] [MainThread]: An error was encountered while trying to flush usage events
[0m16:42:38.913351 [debug] [MainThread]: Sending event: {'category': 'dbt', 'action': 'invocation', 'label': 'start', 'context': [<snowplow_tracker.self_describing_json.SelfDescribingJson object at 0x105b75d30>, <snowplow_tracker.self_describing_json.SelfDescribingJson object at 0x106bcdaf0>, <snowplow_tracker.self_describing_json.SelfDescribingJson object at 0x106bcd5b0>]}


============================== 16:42:38.916412 | fd33641a-9042-4856-b367-b459b5b8dd5a ==============================
[0m16:42:38.916412 [info ] [MainThread]: Running with dbt=1.9.0
[0m16:42:38.916799 [debug] [MainThread]: running dbt with arguments {'printer_width': '80', 'indirect_selection': 'eager', 'write_json': 'True', 'log_cache_events': 'False', 'partial_parse': 'True', 'cache_selected_only': 'False', 'profiles_dir': '/Users/nomantahir/.dbt', 'version_check': 'True', 'fail_fast': 'False', 'log_path': 'logs', 'debug': 'False', 'warn_error': 'None', 'use_colors': 'True', 'use_experimental_parser': 'False', 'no_print': 'None', 'quiet': 'False', 'empty': 'None', 'log_format': 'default', 'static_parser': 'True', 'invocation_command': 'dbt deps', 'introspect': 'True', 'target_path': 'None', 'warn_error_options': 'WarnErrorOptions(include=[], exclude=[])', 'send_anonymous_usage_stats': 'True'}
[0m16:42:38.917327 [error] [MainThread]: Encountered an error:
Runtime Error
  No dbt_project.yml found at expected path /Users/nomantahir/Desktop/cources/DBT_netflix/dbt_project.yml
  Verify that each entry within packages.yml (and their transitive dependencies) contains a file named dbt_project.yml
  
[0m16:42:38.919093 [debug] [MainThread]: Resource report: {"command_name": "deps", "command_success": false, "command_wall_clock_time": 0.052408334, "process_in_blocks": "0", "process_kernel_time": 0.103456, "process_mem_max_rss": "92487680", "process_out_blocks": "0", "process_user_time": 0.705115}
[0m16:42:38.919367 [debug] [MainThread]: Command `dbt deps` failed at 16:42:38.919303 after 0.05 seconds
[0m16:42:38.919591 [debug] [MainThread]: Sending event: {'category': 'dbt', 'action': 'invocation', 'label': 'end', 'context': [<snowplow_tracker.self_describing_json.SelfDescribingJson object at 0x105b75d30>, <snowplow_tracker.self_describing_json.SelfDescribingJson object at 0x106baf9a0>, <snowplow_tracker.self_describing_json.SelfDescribingJson object at 0x106baf6d0>]}
[0m16:42:38.919799 [debug] [MainThread]: Flushing usage events
[0m16:42:39.413231 [debug] [MainThread]: An error was encountered while trying to flush usage events
